2026-03-29 04:43:25 PM INFO megascript - log_info_norepeat: Script started, connecting to OBS...
2026-03-29 04:43:25 PM INFO megascript - log_info_norepeat: Reached end of establish connection loop..
2026-03-29 04:43:25 PM INFO megascript - log_info_norepeat: Connected to OBS!
2026-03-29 04:43:25 PM INFO megascript - log_info_norepeat: Fullscreen False for megascript.py - Scripts - Visual Studio Code | size_x = 3449 / 3440, size_y = 1389 / 1440
2026-03-29 04:43:27 PM INFO megascript - log_info_norepeat: Fullscreen False for obs-megascript | size_x = 2364 / 3440, size_y = 1227 / 1440
2026-03-29 04:43:29 PM INFO megascript - log_info_norepeat: Fullscreen False for  | size_x = 2361 / 3440, size_y = 382 / 1440
2026-03-29 04:43:30 PM INFO megascript - log_info_norepeat: Fullscreen False for obs-megascript | size_x = 2364 / 3440, size_y = 1227 / 1440
2026-03-29 04:43:31 PM INFO megascript - log_info_norepeat: Fullscreen False for C:\Users\Ben\Scripts\obs-megascript\megascript.log - Notepad++ | size_x = 1448 / 3440, size_y = 1388 / 1440
2026-03-29 04:43:33 PM INFO megascript - log_info_norepeat: Fullscreen False for C:\Users\Ben\Scripts\obs-megascript\megascript.log - Notepad++ | size_x = 1843 / 3440, size_y = 1219 / 1440
2026-03-29 04:43:45 PM INFO megascript - log_info_norepeat: Fullscreen False for C:\Users\Ben\Scripts\obs-megascript\megascript.log - Notepad++ | size_x = -166 / 3440, size_y = 930 / 1440
2026-03-29 04:43:46 PM INFO megascript - log_info_norepeat: Fullscreen False for C:\Users\Ben\Scripts\obs-megascript\megascript.log - Notepad++ | size_x = 4 / 3440, size_y = 889 / 1440
2026-03-29 04:43:48 PM INFO megascript - log_info_norepeat: Fullscreen False for Reload | size_x = -499 / 3440, size_y = 593 / 1440
2026-03-29 04:43:49 PM INFO megascript - log_info_norepeat: Fullscreen False for C:\Users\Ben\Scripts\obs-megascript\megascript.log - Notepad++ | size_x = 4 / 3440, size_y = 889 / 1440
2026-03-29 04:43:54 PM INFO megascript - log_info_norepeat: Fullscreen True for  | size_x = 3440 / 3440, size_y = 1440 / 1440
2026-03-29 04:43:54 PM INFO megascript - log_info_norepeat: NOT switching to Game Capture due to unsafe window string ':Shell_TrayWnd:explorer.exe!'
2026-03-29 04:43:55 PM INFO megascript - log_info_norepeat: Fullscreen True for  | size_x = 3440 / 3440, size_y = 1440 / 1440
2026-03-29 04:43:55 PM INFO megascript - log_info_norepeat: NOT switching to Game Capture due to unsafe window string ':Shell_TrayWnd:explorer.exe!'
2026-03-29 04:43:56 PM INFO megascript - log_info_norepeat: Fullscreen False for Reload | size_x = -499 / 3440, size_y = 593 / 1440
2026-03-29 04:43:58 PM INFO megascript - log_info_norepeat: Fullscreen False for obs64 | size_x = 2929 / 3440, size_y = 1414 / 1440
2026-03-29 04:43:59 PM ERROR megascript - handle_connection_lost: Expecting value: line 1 column 1 (char 0)
Traceback (most recent call last):
  File "C:\Users\Ben\Scripts\obs-megascript\megascript.py", line 339, in change_tabbed_text
    if self.req.get_current_program_scene().scene_name == "Alt Tabbed":
       ^^^^^^^^^^^^^^^^^^^^^^^^^^^^^^^^^^^^
  File "C:\Users\Ben\AppData\Local\Programs\Python\Python312\Lib\site-packages\obsws_python\reqs.py", line 556, in get_current_program_scene
    return self.send("GetCurrentProgramScene")
           ^^^^^^^^^^^^^^^^^^^^^^^^^^^^^^^^^^^
  File "C:\Users\Ben\AppData\Local\Programs\Python\Python312\Lib\site-packages\obsws_python\reqs.py", line 51, in send
    response = self.base_client.req(param, data)
               ^^^^^^^^^^^^^^^^^^^^^^^^^^^^^^^^^
  File "C:\Users\Ben\AppData\Local\Programs\Python\Python312\Lib\site-packages\obsws_python\baseclient.py", line 129, in req
    response = json.loads(self.ws.recv())
               ^^^^^^^^^^^^^^^^^^^^^^^^^^
  File "C:\Users\Ben\AppData\Local\Programs\Python\Python312\Lib\json\__init__.py", line 346, in loads
    return _default_decoder.decode(s)
           ^^^^^^^^^^^^^^^^^^^^^^^^^^
  File "C:\Users\Ben\AppData\Local\Programs\Python\Python312\Lib\json\decoder.py", line 337, in decode
    obj, end = self.raw_decode(s, idx=_w(s, 0).end())
               ^^^^^^^^^^^^^^^^^^^^^^^^^^^^^^^^^^^^^^
  File "C:\Users\Ben\AppData\Local\Programs\Python\Python312\Lib\json\decoder.py", line 355, in raw_decode
    raise JSONDecodeError("Expecting value", s, err.value) from None
json.decoder.JSONDecodeError: Expecting value: line 1 column 1 (char 0)
2026-03-29 04:43:59 PM ERROR megascript - handle_connection_lost: OBS connection failed, reconnecting...
2026-03-29 04:44:03 PM INFO megascript - log_info_norepeat: Errored out of loop with error: [WinError 10061] No connection could be made because the target machine actively refused it
2026-03-29 04:44:18 PM INFO megascript - log_info_norepeat: Reached end of establish connection loop..
2026-03-29 04:44:18 PM INFO megascript - log_info_norepeat: Reconnected to OBS!
2026-03-29 04:44:18 PM INFO megascript - log_info_norepeat: Fullscreen True for  | size_x = 3440 / 3440, size_y = 1440 / 1440
2026-03-29 04:44:18 PM INFO megascript - log_info_norepeat: NOT switching to Game Capture due to unsafe window string ':Shell_TrayWnd:explorer.exe!'
2026-03-29 04:44:19 PM INFO megascript - log_info_norepeat: Fullscreen True for  | size_x = 3440 / 3440, size_y = 1440 / 1440
2026-03-29 04:44:19 PM INFO megascript - log_info_norepeat: NOT switching to Game Capture due to unsafe window string ':Shell_TrayWnd:explorer.exe!'
2026-03-29 04:44:20 PM INFO megascript - log_info_norepeat: Fullscreen True for  | size_x = 3440 / 3440, size_y = 1440 / 1440
2026-03-29 04:44:20 PM INFO megascript - log_info_norepeat: NOT switching to Game Capture due to unsafe window string ':Shell_TrayWnd:explorer.exe!'
2026-03-29 04:44:21 PM INFO megascript - log_info_norepeat: Fullscreen False for Reload | size_x = -499 / 3440, size_y = 593 / 1440
2026-03-29 04:44:22 PM INFO megascript - log_info_norepeat: Fullscreen False for C:\Users\Ben\Scripts\obs-megascript\megascript.log - Notepad++ | size_x = 4 / 3440, size_y = 889 / 1440
2026-03-29 04:44:26 PM INFO megascript - log_info_norepeat: Fullscreen False for OBS 32.1.0 - Profile: Untitled - Scenes: Untitled | size_x = 2811 / 3440, size_y = 1295 / 1440
2026-03-29 04:44:39 PM INFO megascript - log_info_norepeat: Fullscreen False for obs64 | size_x = 2918 / 3440, size_y = 1437 / 1440
2026-03-29 04:44:40 PM ERROR megascript - handle_connection_lost: Expecting value: line 1 column 1 (char 0)
Traceback (most recent call last):
  File "C:\Users\Ben\Scripts\obs-megascript\megascript.py", line 339, in change_tabbed_text
    if self.req.get_current_program_scene().scene_name == "Alt Tabbed":
       ^^^^^^^^^^^^^^^^^^^^^^^^^^^^^^^^^^^^
  File "C:\Users\Ben\AppData\Local\Programs\Python\Python312\Lib\site-packages\obsws_python\reqs.py", line 556, in get_current_program_scene
    return self.send("GetCurrentProgramScene")
           ^^^^^^^^^^^^^^^^^^^^^^^^^^^^^^^^^^^
  File "C:\Users\Ben\AppData\Local\Programs\Python\Python312\Lib\site-packages\obsws_python\reqs.py", line 51, in send
    response = self.base_client.req(param, data)
               ^^^^^^^^^^^^^^^^^^^^^^^^^^^^^^^^^
  File "C:\Users\Ben\AppData\Local\Programs\Python\Python312\Lib\site-packages\obsws_python\baseclient.py", line 129, in req
    response = json.loads(self.ws.recv())
               ^^^^^^^^^^^^^^^^^^^^^^^^^^
  File "C:\Users\Ben\AppData\Local\Programs\Python\Python312\Lib\json\__init__.py", line 346, in loads
    return _default_decoder.decode(s)
           ^^^^^^^^^^^^^^^^^^^^^^^^^^
  File "C:\Users\Ben\AppData\Local\Programs\Python\Python312\Lib\json\decoder.py", line 337, in decode
    obj, end = self.raw_decode(s, idx=_w(s, 0).end())
               ^^^^^^^^^^^^^^^^^^^^^^^^^^^^^^^^^^^^^^
  File "C:\Users\Ben\AppData\Local\Programs\Python\Python312\Lib\json\decoder.py", line 355, in raw_decode
    raise JSONDecodeError("Expecting value", s, err.value) from None
json.decoder.JSONDecodeError: Expecting value: line 1 column 1 (char 0)
2026-03-29 04:44:40 PM ERROR megascript - handle_connection_lost: OBS connection failed, reconnecting...
2026-03-29 04:44:44 PM INFO megascript - log_info_norepeat: Errored out of loop with error: [WinError 10061] No connection could be made because the target machine actively refused it
2026-03-29 04:44:58 PM INFO megascript - log_info_norepeat: Reached end of establish connection loop..
2026-03-29 04:44:58 PM INFO megascript - log_info_norepeat: Reconnected to OBS!
2026-03-29 04:44:58 PM INFO megascript - log_info_norepeat: Fullscreen False for Stats | size_x = 3366 / 3440, size_y = 935 / 1440
2026-03-29 04:45:01 PM INFO megascript - log_info_norepeat: Fullscreen False for Reload | size_x = -499 / 3440, size_y = 593 / 1440
2026-03-29 04:45:02 PM INFO megascript - log_info_norepeat: Fullscreen False for C:\Users\Ben\Scripts\obs-megascript\megascript.log - Notepad++ | size_x = 4 / 3440, size_y = 889 / 1440
2026-03-29 04:45:06 PM INFO megascript - log_info_norepeat: Fullscreen False for OBS 32.1.0 - Profile: Untitled - Scenes: Untitled | size_x = 2811 / 3440, size_y = 1295 / 1440
2026-03-29 04:45:33 PM INFO megascript - log_info_norepeat: Fullscreen False for Reload | size_x = -499 / 3440, size_y = 593 / 1440
2026-03-29 04:45:34 PM INFO megascript - log_info_norepeat: Fullscreen False for C:\Users\Ben\Scripts\obs-megascript\megascript.log - Notepad++ | size_x = 4 / 3440, size_y = 889 / 1440
2026-03-29 04:45:39 PM INFO megascript - log_info_norepeat: Fullscreen False for megascript.py - Scripts - Visual Studio Code | size_x = 3449 / 3440, size_y = 1389 / 1440
2026-03-29 04:46:31 PM INFO megascript - log_info_norepeat: Script started, connecting to OBS...
2026-03-29 04:46:31 PM INFO megascript - log_info_norepeat: Reached end of establish connection loop..
2026-03-29 04:46:31 PM INFO megascript - log_info_norepeat: Connected to OBS!
2026-03-29 04:46:31 PM INFO megascript - log_info_norepeat: Fullscreen False for Task Scheduler | size_x = 1458 / 3440, size_y = 1244 / 1440
2026-03-29 04:46:32 PM INFO megascript - log_info_norepeat: Fullscreen False for megascript.py - Scripts - Visual Studio Code | size_x = 3449 / 3440, size_y = 1389 / 1440
2026-03-29 04:46:33 PM INFO megascript - log_info_norepeat: Fullscreen False for Task Scheduler | size_x = 1458 / 3440, size_y = 1244 / 1440
2026-03-29 04:46:34 PM INFO megascript - log_info_norepeat: Fullscreen True for  | size_x = 3440 / 3440, size_y = 1440 / 1440
2026-03-29 04:46:34 PM INFO megascript - log_info_norepeat: NOT switching to Game Capture due to unsafe window string ':Shell_TrayWnd:explorer.exe!'
2026-03-29 04:46:35 PM INFO megascript - log_info_norepeat: Fullscreen True for  | size_x = 3440 / 3440, size_y = 1440 / 1440
2026-03-29 04:46:35 PM INFO megascript - log_info_norepeat: NOT switching to Game Capture due to unsafe window string ':Shell_TrayWnd:explorer.exe!'
2026-03-29 04:46:36 PM INFO megascript - log_info_norepeat: Fullscreen True for  | size_x = 3440 / 3440, size_y = 1440 / 1440
2026-03-29 04:46:36 PM INFO megascript - log_info_norepeat: NOT switching to Game Capture due to unsafe window string ':Shell_TrayWnd:explorer.exe!'
2026-03-29 04:46:37 PM INFO megascript - log_info_norepeat: Fullscreen True for  | size_x = 3440 / 3440, size_y = 1440 / 1440
2026-03-29 04:46:37 PM INFO megascript - log_info_norepeat: NOT switching to Game Capture due to unsafe window string ':Shell_TrayWnd:explorer.exe!'
2026-03-29 04:46:38 PM INFO megascript - log_info_norepeat: Fullscreen False for megascript.py - Scripts - Visual Studio Code | size_x = 3449 / 3440, size_y = 1389 / 1440
2026-03-29 04:46:39 PM INFO megascript - log_info_norepeat: Fullscreen False for obs-megascript | size_x = 2364 / 3440, size_y = 1227 / 1440
2026-03-29 04:46:40 PM INFO megascript - log_info_norepeat: Fullscreen False for C:\Users\Ben\Scripts\obs-megascript\megascript.log - Notepad++ | size_x = 4 / 3440, size_y = 889 / 1440
2026-03-29 04:46:41 PM INFO megascript - log_info_norepeat: Fullscreen False for C:\Users\Ben\Scripts\obs-megascript\megascript.log - Notepad++ | size_x = 1448 / 3440, size_y = 1388 / 1440
2026-03-29 04:46:47 PM INFO megascript - log_info_norepeat: Fullscreen False for obs-megascript | size_x = 2364 / 3440, size_y = 1227 / 1440
2026-03-29 04:46:50 PM INFO megascript - log_info_norepeat: Fullscreen False for Reload | size_x = 945 / 3440, size_y = 1092 / 1440
2026-03-29 04:46:51 PM INFO megascript - log_info_norepeat: Fullscreen False for D:\Documents\GitHub\evil-modpack-DO-NOT-INSTALL\pack\mods\xaeros-minimap.pw.toml - Notepad++ | size_x = 1448 / 3440, size_y = 1388 / 1440
2026-03-29 04:46:52 PM INFO megascript - log_info_norepeat: Fullscreen False for megascript.py - Scripts - Visual Studio Code | size_x = 3449 / 3440, size_y = 1389 / 1440
2026-03-29 04:47:03 PM INFO megascript - log_info_norepeat: Fullscreen False for \u25cf megascript.py - Scripts - Visual Studio Code | size_x = 3449 / 3440, size_y = 1389 / 1440
2026-03-29 04:48:29 PM INFO megascript - log_info_norepeat: Fullscreen False for megascript.py - Scripts - Visual Studio Code | size_x = 3449 / 3440, size_y = 1389 / 1440
2026-03-29 04:49:02 PM INFO megascript - log_info_norepeat: Fullscreen False for obs-megascript | size_x = 2364 / 3440, size_y = 1227 / 1440
2026-03-29 04:49:07 PM INFO megascript - log_info_norepeat: Fullscreen False for PowerToys.PowerLauncher | size_x = 2120 / 3440, size_y = 707 / 1440
2026-03-29 04:49:08 PM INFO megascript - log_info_norepeat: Fullscreen False for obs-megascript | size_x = 2364 / 3440, size_y = 1227 / 1440
2026-03-29 04:49:09 PM INFO megascript - log_info_norepeat: Fullscreen False for C:\Windows\System32\cmd.exe | size_x = 1778 / 3440, size_y = 1058 / 1440
2026-03-29 04:49:14 PM INFO megascript - log_info_norepeat: Fullscreen False for C:\Windows\System32\cmd.exe | size_x = 1909 / 3440, size_y = 1295 / 1440
2026-03-29 04:49:15 PM INFO megascript - log_info_norepeat: Fullscreen False for C:\Windows\System32\cmd.exe | size_x = 1884 / 3440, size_y = 1259 / 1440
2026-03-29 04:49:16 PM INFO megascript - log_info_norepeat: Fullscreen False for obs-megascript | size_x = 2364 / 3440, size_y = 1227 / 1440
2026-03-29 04:49:21 PM INFO megascript - log_info_norepeat: Fullscreen False for GitHub Desktop | size_x = 1599 / 3440, size_y = 1076 / 1440
2026-03-29 04:49:26 PM INFO megascript - log_info_norepeat: Fullscreen False for Select Folder | size_x = 1144 / 3440, size_y = 889 / 1440
2026-03-29 04:49:27 PM INFO megascript - log_info_norepeat: Fullscreen False for Select Folder | size_x = 1735 / 3440, size_y = 1005 / 1440
2026-03-29 04:49:30 PM INFO megascript - log_info_norepeat: Fullscreen False for GitHub Desktop | size_x = 1599 / 3440, size_y = 1076 / 1440
2026-03-29 04:49:33 PM INFO megascript - log_info_norepeat: Fullscreen False for obs-megascript | size_x = 2364 / 3440, size_y = 1227 / 1440
2026-03-29 04:49:34 PM INFO megascript - log_info_norepeat: Fullscreen False for GitHub Desktop | size_x = 1599 / 3440, size_y = 1076 / 1440
2026-03-29 04:49:36 PM INFO megascript - log_info_norepeat: Fullscreen False for GitHub Desktop | size_x = 2241 / 3440, size_y = 1129 / 1440
